c:\users\kyj87\source\repos\yjparallelcoordinates\yjparallelcoordinates\debug\oglwidget.obj
c:\users\kyj87\source\repos\yjparallelcoordinates\yjparallelcoordinates\debug\main.obj
c:\users\kyj87\source\repos\yjparallelcoordinates\yjparallelcoordinates\debug\customui.obj
c:\users\kyj87\source\repos\yjparallelcoordinates\yjparallelcoordinates\debug\mydataset.obj
c:\users\kyj87\source\repos\yjparallelcoordinates\yjparallelcoordinates\debug\tsne.obj
c:\users\kyj87\source\repos\yjparallelcoordinates\yjparallelcoordinates\debug\forcemodel.obj
c:\users\kyj87\source\repos\yjparallelcoordinates\yjparallelcoordinates\debug\yjparallelcoordinates.obj
c:\users\kyj87\source\repos\yjparallelcoordinates\yjparallelcoordinates\debug\sptree.obj
c:\users\kyj87\source\repos\yjparallelcoordinates\yjparallelcoordinates\debug\vc141.pdb
c:\users\kyj87\source\repos\yjparallelcoordinates\yjparallelcoordinates\debug\moc_customui.obj
c:\users\kyj87\source\repos\yjparallelcoordinates\yjparallelcoordinates\debug\moc_yjparallelcoordinates.obj
c:\users\kyj87\source\repos\yjparallelcoordinates\yjparallelcoordinates\debug\qrc_yjparallelcoordinates.obj
c:\users\kyj87\source\repos\yjparallelcoordinates\yjparallelcoordinates\debug\moc_oglwidget.obj
c:\users\kyj87\source\repos\yjparallelcoordinates\win32\debug\yjparallelcoordinates.exe
c:\users\kyj87\source\repos\yjparallelcoordinates\win32\debug\yjparallelcoordinates.ilk
c:\users\kyj87\source\repos\yjparallelcoordinates\win32\debug\yjparallelcoordinates.pdb
c:\users\kyj87\source\repos\yjparallelcoordinates\yjparallelcoordinates\debug\\moc\moc_yjparallelcoordinates.cpp
c:\users\kyj87\source\repos\yjparallelcoordinates\yjparallelcoordinates\debug\\moc\moc_customui.cpp
c:\users\kyj87\source\repos\yjparallelcoordinates\yjparallelcoordinates\debug\\moc\moc_oglwidget.cpp
c:\users\kyj87\source\repos\yjparallelcoordinates\yjparallelcoordinates\debug\\rcc\qrc_yjparallelcoordinates.cpp
c:\users\kyj87\source\repos\yjparallelcoordinates\yjparallelcoordinates\debug\\uic\ui_yjparallelcoordinates.h
c:\users\kyj87\source\repos\yjparallelcoordinates\yjparallelcoordinates\debug\uic\ui_yjparallelcoordinates.h
c:\users\kyj87\source\repos\yjparallelcoordinates\yjparallelcoordinates\debug\rcc\qrc_yjparallelcoordinates.cpp
c:\users\kyj87\source\repos\yjparallelcoordinates\yjparallelcoordinates\debug\moc\moc_yjparallelcoordinates.cpp
c:\users\kyj87\source\repos\yjparallelcoordinates\yjparallelcoordinates\debug\moc\moc_customui.cpp
c:\users\kyj87\source\repos\yjparallelcoordinates\yjparallelcoordinates\debug\moc\moc_oglwidget.cpp
c:\users\kyj87\source\repos\yjparallelcoordinates\yjparallelcoordinates\debug\yjparall.b12702ad.tlog\cl.command.1.tlog
c:\users\kyj87\source\repos\yjparallelcoordinates\yjparallelcoordinates\debug\yjparall.b12702ad.tlog\cl.read.1.tlog
c:\users\kyj87\source\repos\yjparallelcoordinates\yjparallelcoordinates\debug\yjparall.b12702ad.tlog\cl.write.1.tlog
c:\users\kyj87\source\repos\yjparallelcoordinates\yjparallelcoordinates\debug\yjparall.b12702ad.tlog\link.command.1.tlog
c:\users\kyj87\source\repos\yjparallelcoordinates\yjparallelcoordinates\debug\yjparall.b12702ad.tlog\link.read.1.tlog
c:\users\kyj87\source\repos\yjparallelcoordinates\yjparallelcoordinates\debug\yjparall.b12702ad.tlog\link.write.1.tlog
c:\users\kyj87\source\repos\yjparallelcoordinates\yjparallelcoordinates\debug\yjparall.b12702ad.tlog\moc.read.1u.tlog
c:\users\kyj87\source\repos\yjparallelcoordinates\yjparallelcoordinates\debug\yjparall.b12702ad.tlog\moc.write.1u.tlog
c:\users\kyj87\source\repos\yjparallelcoordinates\yjparallelcoordinates\debug\yjparall.b12702ad.tlog\rcc.read.1u.tlog
c:\users\kyj87\source\repos\yjparallelcoordinates\yjparallelcoordinates\debug\yjparall.b12702ad.tlog\rcc.write.1u.tlog
c:\users\kyj87\source\repos\yjparallelcoordinates\yjparallelcoordinates\debug\yjparall.b12702ad.tlog\uic.read.1u.tlog
c:\users\kyj87\source\repos\yjparallelcoordinates\yjparallelcoordinates\debug\yjparall.b12702ad.tlog\uic.write.1u.tlog
c:\users\kyj87\source\repos\yjparallelcoordinates\yjparallelcoordinates\debug\yjparall.b12702ad.tlog\yjparallelcoordinates.write.1u.tlog
